<?xml version="1.0" encoding="UTF-8"?>
<robot generator="Robot 3.2.2 (Python 3.9.7 on win32)" generated="20211101 22:48:44.796" rpa="false">
<suite id="s1" name="Test Projeto final PrimeHero" source="F:\_Projetos\Projetos_GitHub\Projeto_Final_Prime_Academy\Tests\Test_Projeto_final_PrimeHero.robot">
<test id="s1-t1" name="Caso de teste 01: Pesquisar produto não existente">
<kw name="Abrir Navegador" library="Resource" type="setup">
<kw name="Open Browser" library="SeleniumLibrary">
<doc>Opens a new browser instance to the optional ``url``.</doc>
<arguments>
<arg>about:blank</arg>
<arg>${BROWSER}</arg>
</arguments>
<msg timestamp="20211101 22:48:45.008" level="INFO">Opening browser 'chrome' to base url 'about:blank'.</msg>
<status status="PASS" starttime="20211101 22:48:45.007" endtime="20211101 22:48:46.230"></status>
</kw>
<status status="PASS" starttime="20211101 22:48:45.007" endtime="20211101 22:48:46.230"></status>
</kw>
<kw name="Acessar a página home do site Automation Pratice" library="Resource">
<doc>Essa Keyword é responsável por abrir o site que será automatizado</doc>
<kw name="Go To" library="SeleniumLibrary">
<doc>Navigates the current browser window to the provided ``url``.</doc>
<arguments>
<arg>http://automationpractice.com/index.php?</arg>
</arguments>
<msg timestamp="20211101 22:48:46.233" level="INFO">Opening url 'http://automationpractice.com/index.php?'</msg>
<status status="PASS" starttime="20211101 22:48:46.233" endtime="20211101 22:48:49.765"></status>
</kw>
<kw name="Title Should Be" library="SeleniumLibrary">
<doc>Verifies that the current page title equals ``title``.</doc>
<arguments>
<arg>My Store</arg>
</arguments>
<msg timestamp="20211101 22:48:49.770" level="INFO">Page title is 'My Store'.</msg>
<status status="PASS" starttime="20211101 22:48:49.765" endtime="20211101 22:48:49.770"></status>
</kw>
<kw name="Log To Console" library="BuiltIn">
<doc>Logs the given message to the console.</doc>
<arguments>
<arg>\n\nAcessar o site Automation Pratice\n</arg>
</arguments>
<status status="PASS" starttime="20211101 22:48:49.770" endtime="20211101 22:48:49.771"></status>
</kw>
<status status="PASS" starttime="20211101 22:48:46.232" endtime="20211101 22:48:49.771"></status>
</kw>
<kw name="Digitar o nome do produto &quot;itemNãoExistente&quot; no campo de Pesquisa" library="Resource">
<kw name="Wait Until Element Is Visible" library="SeleniumLibrary">
<doc>Waits until the element ``locator`` is visible.</doc>
<arguments>
<arg>name=search_query</arg>
</arguments>
<status status="PASS" starttime="20211101 22:48:49.773" endtime="20211101 22:48:49.800"></status>
</kw>
<kw name="Input Text" library="SeleniumLibrary">
<doc>Types the given ``text`` into the text field identified by ``locator``.</doc>
<arguments>
<arg>name=search_query</arg>
<arg>${produto}</arg>
</arguments>
<msg timestamp="20211101 22:48:49.801" level="INFO">Typing text 'itemNãoExistente' into text field 'name=search_query'.</msg>
<status status="PASS" starttime="20211101 22:48:49.800" endtime="20211101 22:48:49.892"></status>
</kw>
<status status="PASS" starttime="20211101 22:48:49.772" endtime="20211101 22:48:49.892"></status>
</kw>
<kw name="Clicar no botão Pesquisar" library="Resource">
<kw name="Click Element" library="SeleniumLibrary">
<doc>Click the element identified by ``locator``.</doc>
<arguments>
<arg>name=submit_search</arg>
</arguments>
<msg timestamp="20211101 22:48:49.893" level="INFO">Clicking element 'name=submit_search'.</msg>
<status status="PASS" starttime="20211101 22:48:49.893" endtime="20211101 22:48:51.148"></status>
</kw>
<status status="PASS" starttime="20211101 22:48:49.893" endtime="20211101 22:48:51.148"></status>
</kw>
<kw name="Conferir mensagem &quot;No results were found for your search&quot; &quot;itemNãoExistente&quot;" library="Resource">
<kw name="Wait Until Element Is Visible" library="SeleniumLibrary">
<doc>Waits until the element ``locator`` is visible.</doc>
<arguments>
<arg>css=#center_column &gt; p</arg>
</arguments>
<status status="PASS" starttime="20211101 22:48:51.149" endtime="20211101 22:48:51.176"></status>
</kw>
<status status="PASS" starttime="20211101 22:48:51.149" endtime="20211101 22:48:51.177"></status>
</kw>
<kw name="Fechar Navegador" library="Resource" type="teardown">
<kw name="Sleep" library="BuiltIn">
<doc>Pauses the test executed for the given time.</doc>
<arguments>
<arg>3</arg>
</arguments>
<msg timestamp="20211101 22:48:54.185" level="INFO">Slept 3 seconds</msg>
<status status="PASS" starttime="20211101 22:48:51.178" endtime="20211101 22:48:54.185"></status>
</kw>
<kw name="Close Browser" library="SeleniumLibrary">
<doc>Closes the current browser.</doc>
<status status="PASS" starttime="20211101 22:48:54.185" endtime="20211101 22:48:56.311"></status>
</kw>
<status status="PASS" starttime="20211101 22:48:51.177" endtime="20211101 22:48:56.311"></status>
</kw>
<status status="PASS" starttime="20211101 22:48:45.005" endtime="20211101 22:48:56.312" critical="yes"></status>
</test>
<test id="s1-t2" name="Caso de teste 02: Listar Produtos">
<kw name="Abrir Navegador" library="Resource" type="setup">
<kw name="Open Browser" library="SeleniumLibrary">
<doc>Opens a new browser instance to the optional ``url``.</doc>
<arguments>
<arg>about:blank</arg>
<arg>${BROWSER}</arg>
</arguments>
<msg timestamp="20211101 22:48:56.315" level="INFO">Opening browser 'chrome' to base url 'about:blank'.</msg>
<status status="PASS" starttime="20211101 22:48:56.314" endtime="20211101 22:48:57.505"></status>
</kw>
<status status="PASS" starttime="20211101 22:48:56.314" endtime="20211101 22:48:57.505"></status>
</kw>
<kw name="Acessar a página home do site" library="Resource">
<kw name="Go To" library="SeleniumLibrary">
<doc>Navigates the current browser window to the provided ``url``.</doc>
<arguments>
<arg>http://automationpractice.com/index.php?</arg>
</arguments>
<msg timestamp="20211101 22:48:57.507" level="INFO">Opening url 'http://automationpractice.com/index.php?'</msg>
<status status="PASS" starttime="20211101 22:48:57.506" endtime="20211101 22:49:01.052"></status>
</kw>
<kw name="Title Should Be" library="SeleniumLibrary">
<doc>Verifies that the current page title equals ``title``.</doc>
<arguments>
<arg>My Store</arg>
</arguments>
<msg timestamp="20211101 22:49:01.059" level="INFO">Page title is 'My Store'.</msg>
<status status="PASS" starttime="20211101 22:49:01.052" endtime="20211101 22:49:01.059"></status>
</kw>
<status status="PASS" starttime="20211101 22:48:57.506" endtime="20211101 22:49:01.059"></status>
</kw>
<kw name="Passar o mouse por cima da categoria &quot;woman&quot; no menu principal superior de categorias" library="Resource">
<kw name="Mouse Over" library="SeleniumLibrary">
<doc>Simulates hovering the mouse over the element ``locator``.</doc>
<arguments>
<arg>css=#block_top_menu &gt; ul &gt; li:nth-child(1) &gt; a</arg>
</arguments>
<msg timestamp="20211101 22:49:01.060" level="INFO">Simulating Mouse Over on element 'css=#block_top_menu &gt; ul &gt; li:nth-child(1) &gt; a'.</msg>
<status status="PASS" starttime="20211101 22:49:01.060" endtime="20211101 22:49:01.353"></status>
</kw>
<status status="PASS" starttime="20211101 22:49:01.059" endtime="20211101 22:49:01.353"></status>
</kw>
<kw name="Clicar na sub categoria &quot;Summer Dresses&quot;" library="Resource">
<kw name="Click Element" library="SeleniumLibrary">
<doc>Click the element identified by ``locator``.</doc>
<arguments>
<arg>xpath=//*[@id="block_top_menu"]/ul/li[1]/ul/li[2]/ul/li[3]/a</arg>
</arguments>
<msg timestamp="20211101 22:49:01.354" level="INFO">Clicking element 'xpath=//*[@id="block_top_menu"]/ul/li[1]/ul/li[2]/ul/li[3]/a'.</msg>
<status status="PASS" starttime="20211101 22:49:01.354" endtime="20211101 22:49:02.215"></status>
</kw>
<status status="PASS" starttime="20211101 22:49:01.353" endtime="20211101 22:49:02.215"></status>
</kw>
<kw name="Conferir se os produtos da sub-categoria &quot;Summer Dresses&quot; foram mostrados na página" library="Resource">
<kw name="Wait Until Element Is Visible" library="SeleniumLibrary">
<doc>Waits until the element ``locator`` is visible.</doc>
<arguments>
<arg>xpath=//*[@id="center_column"]/ul/li[1]//img[@src="http://automationpractice.com/img/p/1/2/12-home_default.jpg"]</arg>
</arguments>
<status status="PASS" starttime="20211101 22:49:02.216" endtime="20211101 22:49:02.922"></status>
</kw>
<kw name="Wait Until Element Is Visible" library="SeleniumLibrary">
<doc>Waits until the element ``locator`` is visible.</doc>
<arguments>
<arg>xpath=//*[@id="center_column"]//a[1]/img[@src="http://automationpractice.com/img/p/1/6/16-home_default.jpg"]</arg>
</arguments>
<status status="PASS" starttime="20211101 22:49:02.922" endtime="20211101 22:49:02.963"></status>
</kw>
<kw name="Wait Until Element Is Visible" library="SeleniumLibrary">
<doc>Waits until the element ``locator`` is visible.</doc>
<arguments>
<arg>xpath=//*[@id="center_column"]//a[1]/img[@src="http://automationpractice.com/img/p/2/0/20-home_default.jpg"]</arg>
</arguments>
<status status="PASS" starttime="20211101 22:49:02.963" endtime="20211101 22:49:02.983"></status>
</kw>
<kw name="Page Should Contain Image" library="SeleniumLibrary">
<doc>Verifies image identified by ``locator`` is found from current page.</doc>
<arguments>
<arg>xpath=//*[@id="center_column"]/ul/li[1]//img[@src="http://automationpractice.com/img/p/1/2/12-home_default.jpg"]</arg>
</arguments>
<msg timestamp="20211101 22:49:02.994" level="INFO">Current page contains image 'xpath=//*[@id="center_column"]/ul/li[1]//img[@src="http://automationpractice.com/img/p/1/2/12-home_default.jpg"]'.</msg>
<status status="PASS" starttime="20211101 22:49:02.983" endtime="20211101 22:49:02.994"></status>
</kw>
<kw name="Page Should Contain Image" library="SeleniumLibrary">
<doc>Verifies image identified by ``locator`` is found from current page.</doc>
<arguments>
<arg>xpath=//*[@id="center_column"]//a[1]/img[@src="http://automationpractice.com/img/p/1/6/16-home_default.jpg"]</arg>
</arguments>
<msg timestamp="20211101 22:49:03.003" level="INFO">Current page contains image 'xpath=//*[@id="center_column"]//a[1]/img[@src="http://automationpractice.com/img/p/1/6/16-home_default.jpg"]'.</msg>
<status status="PASS" starttime="20211101 22:49:02.994" endtime="20211101 22:49:03.003"></status>
</kw>
<kw name="Page Should Contain Image" library="SeleniumLibrary">
<doc>Verifies image identified by ``locator`` is found from current page.</doc>
<arguments>
<arg>xpath=//*[@id="center_column"]//a[1]/img[@src="http://automationpractice.com/img/p/2/0/20-home_default.jpg"]</arg>
</arguments>
<msg timestamp="20211101 22:49:03.015" level="INFO">Current page contains image 'xpath=//*[@id="center_column"]//a[1]/img[@src="http://automationpractice.com/img/p/2/0/20-home_default.jpg"]'.</msg>
<status status="PASS" starttime="20211101 22:49:03.003" endtime="20211101 22:49:03.015"></status>
</kw>
<status status="PASS" starttime="20211101 22:49:02.216" endtime="20211101 22:49:03.015"></status>
</kw>
<kw name="Fechar Navegador" library="Resource" type="teardown">
<kw name="Sleep" library="BuiltIn">
<doc>Pauses the test executed for the given time.</doc>
<arguments>
<arg>3</arg>
</arguments>
<msg timestamp="20211101 22:49:06.030" level="INFO">Slept 3 seconds</msg>
<status status="PASS" starttime="20211101 22:49:03.016" endtime="20211101 22:49:06.030"></status>
</kw>
<kw name="Close Browser" library="SeleniumLibrary">
<doc>Closes the current browser.</doc>
<status status="PASS" starttime="20211101 22:49:06.030" endtime="20211101 22:49:08.414"></status>
</kw>
<status status="PASS" starttime="20211101 22:49:03.015" endtime="20211101 22:49:08.414"></status>
</kw>
<status status="PASS" starttime="20211101 22:48:56.313" endtime="20211101 22:49:08.414" critical="yes"></status>
</test>
<test id="s1-t3" name="Caso de teste 03: Adicionar Cliente">
<kw name="Abrir Navegador" library="Resource" type="setup">
<kw name="Open Browser" library="SeleniumLibrary">
<doc>Opens a new browser instance to the optional ``url``.</doc>
<arguments>
<arg>about:blank</arg>
<arg>${BROWSER}</arg>
</arguments>
<msg timestamp="20211101 22:49:08.417" level="INFO">Opening browser 'chrome' to base url 'about:blank'.</msg>
<status status="PASS" starttime="20211101 22:49:08.417" endtime="20211101 22:49:09.626"></status>
</kw>
<status status="PASS" starttime="20211101 22:49:08.416" endtime="20211101 22:49:09.626"></status>
</kw>
<kw name="Acessar a página home" library="Resource">
<kw name="Go To" library="SeleniumLibrary">
<doc>Navigates the current browser window to the provided ``url``.</doc>
<arguments>
<arg>http://automationpractice.com/index.php?</arg>
</arguments>
<msg timestamp="20211101 22:49:09.627" level="INFO">Opening url 'http://automationpractice.com/index.php?'</msg>
<status status="PASS" starttime="20211101 22:49:09.627" endtime="20211101 22:49:13.517"></status>
</kw>
<kw name="Title Should Be" library="SeleniumLibrary">
<doc>Verifies that the current page title equals ``title``.</doc>
<arguments>
<arg>My Store</arg>
</arguments>
<msg timestamp="20211101 22:49:13.521" level="INFO">Page title is 'My Store'.</msg>
<status status="PASS" starttime="20211101 22:49:13.517" endtime="20211101 22:49:13.522"></status>
</kw>
<status status="PASS" starttime="20211101 22:49:09.626" endtime="20211101 22:49:13.522"></status>
</kw>
<kw name="Clicar em &quot;Sign in&quot;" library="Resource">
<kw name="Wait Until Element Is Visible" library="SeleniumLibrary">
<doc>Waits until the element ``locator`` is visible.</doc>
<arguments>
<arg>xpath=//a[@class='login']</arg>
</arguments>
<status status="PASS" starttime="20211101 22:49:13.523" endtime="20211101 22:49:13.549"></status>
</kw>
<kw name="Click Element" library="SeleniumLibrary">
<doc>Click the element identified by ``locator``.</doc>
<arguments>
<arg>xpath=//a[@class='login']</arg>
</arguments>
<msg timestamp="20211101 22:49:13.550" level="INFO">Clicking element 'xpath=//a[@class='login']'.</msg>
<status status="PASS" starttime="20211101 22:49:13.549" endtime="20211101 22:49:15.334"></status>
</kw>
<status status="PASS" starttime="20211101 22:49:13.522" endtime="20211101 22:49:15.334"></status>
</kw>
<kw name="Informar em e-mail válido" library="Resource">
<kw name="Wait Until Element Is Visible" library="SeleniumLibrary">
<doc>Waits until the element ``locator`` is visible.</doc>
<arguments>
<arg>xpath=//*[@id="email_create"]</arg>
</arguments>
<status status="PASS" starttime="20211101 22:49:15.335" endtime="20211101 22:49:15.368"></status>
</kw>
<kw name="Input Text" library="SeleniumLibrary">
<doc>Types the given ``text`` into the text field identified by ``locator``.</doc>
<arguments>
<arg>xpath=//*[@id="email_create"]</arg>
<arg>text=fs2.santosq@outlook.com</arg>
</arguments>
<msg timestamp="20211101 22:49:15.368" level="INFO">Typing text 'fs2.santosq@outlook.com' into text field 'xpath=//*[@id="email_create"]'.</msg>
<status status="PASS" starttime="20211101 22:49:15.368" endtime="20211101 22:49:15.486"></status>
</kw>
<status status="PASS" starttime="20211101 22:49:15.334" endtime="20211101 22:49:15.487"></status>
</kw>
<kw name="Clicar em &quot;Create an account&quot;" library="Resource">
<kw name="Click Element" library="SeleniumLibrary">
<doc>Click the element identified by ``locator``.</doc>
<arguments>
<arg>xpath=//span[contains(.,'Create an account')]</arg>
</arguments>
<msg timestamp="20211101 22:49:15.488" level="INFO">Clicking element 'xpath=//span[contains(.,'Create an account')]'.</msg>
<status status="PASS" starttime="20211101 22:49:15.488" endtime="20211101 22:49:15.555"></status>
</kw>
<status status="PASS" starttime="20211101 22:49:15.488" endtime="20211101 22:49:15.555"></status>
</kw>
<kw name="Preencher os dados obrigatórios" library="Resource">
<doc>Cadastro de Informações pessoais</doc>
<kw name="Wait Until Element Is Visible" library="SeleniumLibrary">
<doc>Waits until the element ``locator`` is visible.</doc>
<arguments>
<arg>css=#account-creation_form &gt; div:nth-child(1) &gt; h3</arg>
</arguments>
<status status="PASS" starttime="20211101 22:49:15.556" endtime="20211101 22:49:17.319"></status>
</kw>
<kw name="Click Element" library="SeleniumLibrary">
<doc>Click the element identified by ``locator``.</doc>
<arguments>
<arg>xpath=(//input[@value='1'])[1]</arg>
</arguments>
<msg timestamp="20211101 22:49:17.320" level="INFO">Clicking element 'xpath=(//input[@value='1'])[1]'.</msg>
<status status="PASS" starttime="20211101 22:49:17.320" endtime="20211101 22:49:17.375"></status>
</kw>
<kw name="Input Text" library="SeleniumLibrary">
<doc>Types the given ``text`` into the text field identified by ``locator``.</doc>
<arguments>
<arg>name=customer_firstname</arg>
<arg>text=Filipe</arg>
</arguments>
<msg timestamp="20211101 22:49:17.376" level="INFO">Typing text 'Filipe' into text field 'name=customer_firstname'.</msg>
<status status="PASS" starttime="20211101 22:49:17.376" endtime="20211101 22:49:17.471"></status>
</kw>
<kw name="Input Text" library="SeleniumLibrary">
<doc>Types the given ``text`` into the text field identified by ``locator``.</doc>
<arguments>
<arg>name=customer_lastname</arg>
<arg>text=Santos</arg>
</arguments>
<msg timestamp="20211101 22:49:17.471" level="INFO">Typing text 'Santos' into text field 'name=customer_lastname'.</msg>
<status status="PASS" starttime="20211101 22:49:17.471" endtime="20211101 22:49:17.570"></status>
</kw>
<kw name="Input Password" library="SeleniumLibrary">
<doc>Types the given password into the text field identified by ``locator``.</doc>
<arguments>
<arg>name=passwd</arg>
<arg>password_field=robot_primehero</arg>
</arguments>
<msg timestamp="20211101 22:49:17.571" level="INFO">Typing password into text field 'name=passwd'.</msg>
<msg timestamp="20211101 22:49:17.616" level="INFO">Temporally setting log level to: NONE</msg>
<msg timestamp="20211101 22:49:17.702" level="INFO">Log level changed from NONE to INFO.</msg>
<status status="PASS" starttime="20211101 22:49:17.571" endtime="20211101 22:49:17.702"></status>
</kw>
<kw name="Input Text" library="SeleniumLibrary">
<doc>Types the given ``text`` into the text field identified by ``locator``.</doc>
<arguments>
<arg>name=firstname</arg>
<arg>text=Filipe</arg>
</arguments>
<msg timestamp="20211101 22:49:17.703" level="INFO">Typing text 'Filipe' into text field 'name=firstname'.</msg>
<status status="PASS" starttime="20211101 22:49:17.703" endtime="20211101 22:49:17.867"></status>
</kw>
<kw name="Input Text" library="SeleniumLibrary">
<doc>Types the given ``text`` into the text field identified by ``locator``.</doc>
<arguments>
<arg>name=lastname</arg>
<arg>text=Santos</arg>
</arguments>
<msg timestamp="20211101 22:49:17.868" level="INFO">Typing text 'Santos' into text field 'name=lastname'.</msg>
<status status="PASS" starttime="20211101 22:49:17.867" endtime="20211101 22:49:17.986"></status>
</kw>
<kw name="Input Text" library="SeleniumLibrary">
<doc>Types the given ``text`` into the text field identified by ``locator``.</doc>
<arguments>
<arg>name=address1</arg>
<arg>text=Rua Nova Espanha</arg>
</arguments>
<msg timestamp="20211101 22:49:17.986" level="INFO">Typing text 'Rua Nova Espanha' into text field 'name=address1'.</msg>
<status status="PASS" starttime="20211101 22:49:17.986" endtime="20211101 22:49:18.095"></status>
</kw>
<kw name="Input Text" library="SeleniumLibrary">
<doc>Types the given ``text`` into the text field identified by ``locator``.</doc>
<arguments>
<arg>name=city</arg>
<arg>text=Nova Iguaçu</arg>
</arguments>
<msg timestamp="20211101 22:49:18.095" level="INFO">Typing text 'Nova Iguaçu' into text field 'name=city'.</msg>
<status status="PASS" starttime="20211101 22:49:18.095" endtime="20211101 22:49:18.193"></status>
</kw>
<kw name="Click Element" library="SeleniumLibrary">
<doc>Click the element identified by ``locator``.</doc>
<arguments>
<arg>xpath=//select[@id='id_state']</arg>
</arguments>
<msg timestamp="20211101 22:49:18.194" level="INFO">Clicking element 'xpath=//select[@id='id_state']'.</msg>
<status status="PASS" starttime="20211101 22:49:18.194" endtime="20211101 22:49:18.268"></status>
</kw>
<kw name="Set Selenium Speed" library="SeleniumLibrary">
<doc>Sets the delay that is waited after each Selenium command.</doc>
<arguments>
<arg>0.3</arg>
</arguments>
<status status="PASS" starttime="20211101 22:49:18.268" endtime="20211101 22:49:18.269"></status>
</kw>
<kw name="Set Focus To Element" library="SeleniumLibrary">
<doc>Sets the focus to the element identified by ``locator``.</doc>
<arguments>
<arg>xpath=//select[@id='id_state']</arg>
</arguments>
<status status="PASS" starttime="20211101 22:49:18.269" endtime="20211101 22:49:18.910"></status>
</kw>
<kw name="Click Element" library="SeleniumLibrary">
<doc>Click the element identified by ``locator``.</doc>
<arguments>
<arg>xpath=//*[@id="id_state"]/option[contains(., 'Alabama')]</arg>
</arguments>
<msg timestamp="20211101 22:49:18.910" level="INFO">Clicking element 'xpath=//*[@id="id_state"]/option[contains(., 'Alabama')]'.</msg>
<status status="PASS" starttime="20211101 22:49:18.910" endtime="20211101 22:49:19.567"></status>
</kw>
<kw name="Set Selenium Speed" library="SeleniumLibrary">
<doc>Sets the delay that is waited after each Selenium command.</doc>
<arguments>
<arg>0</arg>
</arguments>
<status status="PASS" starttime="20211101 22:49:19.567" endtime="20211101 22:49:19.567"></status>
</kw>
<kw name="Input Text" library="SeleniumLibrary">
<doc>Types the given ``text`` into the text field identified by ``locator``.</doc>
<arguments>
<arg>name=postcode</arg>
<arg>text=00000</arg>
</arguments>
<msg timestamp="20211101 22:49:19.568" level="INFO">Typing text '00000' into text field 'name=postcode'.</msg>
<status status="PASS" starttime="20211101 22:49:19.567" endtime="20211101 22:49:19.671"></status>
</kw>
<kw name="Input Text" library="SeleniumLibrary">
<doc>Types the given ``text`` into the text field identified by ``locator``.</doc>
<arguments>
<arg>name=phone_mobile</arg>
<arg>text=21965668045</arg>
</arguments>
<msg timestamp="20211101 22:49:19.672" level="INFO">Typing text '21965668045' into text field 'name=phone_mobile'.</msg>
<status status="PASS" starttime="20211101 22:49:19.672" endtime="20211101 22:49:19.777"></status>
</kw>
<status status="PASS" starttime="20211101 22:49:15.556" endtime="20211101 22:49:19.777"></status>
</kw>
<kw name="Submeter cadastro" library="Resource">
<kw name="Click Element" library="SeleniumLibrary">
<doc>Click the element identified by ``locator``.</doc>
<arguments>
<arg>xpath=//span[contains(.,'Register')]</arg>
</arguments>
<msg timestamp="20211101 22:49:19.778" level="INFO">Clicking element 'xpath=//span[contains(.,'Register')]'.</msg>
<status status="PASS" starttime="20211101 22:49:19.778" endtime="20211101 22:49:21.220"></status>
</kw>
<status status="PASS" starttime="20211101 22:49:19.778" endtime="20211101 22:49:21.220"></status>
</kw>
<kw name="Conferir se o cadastro foi efetuado com sucesso" library="Resource">
<kw name="Wait Until Element Is Visible" library="SeleniumLibrary">
<doc>Waits until the element ``locator`` is visible.</doc>
<arguments>
<arg>css=#center_column &gt; h1</arg>
</arguments>
<status status="PASS" starttime="20211101 22:49:21.221" endtime="20211101 22:49:21.249"></status>
</kw>
<status status="PASS" starttime="20211101 22:49:21.221" endtime="20211101 22:49:21.250"></status>
</kw>
<kw name="Fechar Navegador" library="Resource" type="teardown">
<kw name="Sleep" library="BuiltIn">
<doc>Pauses the test executed for the given time.</doc>
<arguments>
<arg>3</arg>
</arguments>
<msg timestamp="20211101 22:49:24.264" level="INFO">Slept 3 seconds</msg>
<status status="PASS" starttime="20211101 22:49:21.250" endtime="20211101 22:49:24.264"></status>
</kw>
<kw name="Close Browser" library="SeleniumLibrary">
<doc>Closes the current browser.</doc>
<status status="PASS" starttime="20211101 22:49:24.264" endtime="20211101 22:49:26.394"></status>
</kw>
<status status="PASS" starttime="20211101 22:49:21.250" endtime="20211101 22:49:26.394"></status>
</kw>
<status status="PASS" starttime="20211101 22:49:08.416" endtime="20211101 22:49:26.395" critical="yes"></status>
</test>
<status status="PASS" starttime="20211101 22:48:44.798" endtime="20211101 22:49:26.397"></status>
</suite>
<statistics>
<total>
<stat pass="3" fail="0">Critical Tests</stat>
<stat pass="3" fail="0">All Tests</stat>
</total>
<tag>
</tag>
<suite>
<stat pass="3" fail="0" id="s1" name="Test Projeto final PrimeHero">Test Projeto final PrimeHero</stat>
</suite>
</statistics>
<errors>
</errors>
</robot>
